<?xml version="1.0" encoding="UTF-8"?>
<!-- Generated by org.testng.reporters.JUnitReportReporter -->
<testsuite hostname="LAPTOP-VBIL4K2H" failures="0" tests="1" name="executePageClasses.FindAPatientTestClass" time="11.486" errors="0" timestamp="2023-08-23T18:49:23 AEST" skipped="0">
  <testcase classname="executePageClasses.FindAPatientTestClass" name="f" time="11.486"/>
  <system-out/>
</testsuite> <!-- executePageClasses.FindAPatientTestClass -->
