<?xml version="1.0" encoding="UTF-8"?>
<!-- Generated by org.testng.reporters.JUnitReportReporter -->
<testsuite hostname="LAPTOP-VBIL4K2H" failures="0" tests="1" name="executePageClasses.CaptureVitalsTestClass" time="50.434" errors="0" timestamp="2023-08-23T18:45:35 AEST" skipped="0">
  <testcase classname="executePageClasses.CaptureVitalsTestClass" name="verifyThePatientIsNotDisplayedInActiveVisitsWhenVisitStarted" time="50.434"/>
  <system-out/>
</testsuite> <!-- executePageClasses.CaptureVitalsTestClass -->
