<?xml version="1.0" encoding="UTF-8"?>
<!-- Generated by org.testng.reporters.JUnitReportReporter -->
<testsuite hostname="LAPTOP-VBIL4K2H" failures="0" tests="1" name="executePageClasses.RegisterAPatientTest" time="17.155" errors="0" timestamp="2023-08-14T00:43:19 AEST" skipped="0">
  <testcase classname="executePageClasses.RegisterAPatientTest" name="verifyToRegisterAPatient" time="17.155"/>
  <system-out/>
</testsuite> <!-- executePageClasses.RegisterAPatientTest -->
