<?xml version="1.0" encoding="UTF-8"?>
<!-- Generated by org.testng.reporters.JUnitReportReporter -->
<testsuite hostname="LAPTOP-VBIL4K2H" failures="0" tests="1" name="executePageClasses.RegisterAPatientTest" time="24.938" errors="0" timestamp="2023-08-15T12:45:53 AEST" skipped="0">
  <testcase classname="executePageClasses.RegisterAPatientTest" name="verifyTheRegisteredPatientIsFoundOrNotInPatientRecordTable" time="24.938"/>
  <system-out/>
</testsuite> <!-- executePageClasses.RegisterAPatientTest -->
