<?xml version="1.0" encoding="UTF-8"?>
<!-- Generated by org.testng.reporters.JUnitReportReporter -->
<testsuite hostname="LAPTOP-VBIL4K2H" failures="0" tests="1" name="executePageClasses.ActiveVisitTestClass" time="25.641" errors="0" timestamp="2023-08-14T23:07:31 AEST" skipped="0">
  <testcase classname="executePageClasses.ActiveVisitTestClass" name="verifyThePatientIsNotDisplayedInActiveVisitsWhenVisitStarted" time="25.641"/>
  <system-out/>
</testsuite> <!-- executePageClasses.ActiveVisitTestClass -->
